[    0.000000] Linux version 4.15.0-212-generic (buildd@lcy02-amd64-083) (gcc version 7.5.0 (Ubuntu 7.5.0-3ubuntu1~18.04)) #223-Ubuntu SMP Tue May 23 13:09:22 UTC 2023 (Ubuntu 4.15.0-212.223-generic 4.15.18)
[    0.000000] Command line: BOOT_IMAGE=/boot/vmlinuz-4.15.0-212-generic root=LABEL=cloudimg-rootfs ro console=tty1 console=ttyS0
[    0.000000] KERNEL supported cpus:
[    0.000000]   Intel GenuineIntel
[    0.000000]   AMD AuthenticAMD
[    0.000000]   Centaur CentaurHauls
[    0.000000] x86/fpu: x87 FPU will use FXSAVE
[    0.000000] e820: BIOS-provided physical RAM map:
[    0.000000] BIOS-e820: [mem 0x0000000000000000-0x000000000009fbff] usable
[    0.000000] BIOS-e820: [mem 0x000000000009fc00-0x000000000009ffff] reserved
[    0.000000] BIOS-e820: [mem 0x00000000000f0000-0x00000000000fffff] reserved
[    0.000000] BIOS-e820: [mem 0x0000000000100000-0x000000001ffeffff] usable
[    0.000000] BIOS-e820: [mem 0x000000001fff0000-0x000000001fffffff] ACPI data
[    0.000000] BIOS-e820: [mem 0x00000000fec00000-0x00000000fec00fff] reserved
[    0.000000] BIOS-e820: [mem 0x00000000fee00000-0x00000000fee00fff] reserved
[    0.000000] BIOS-e820: [mem 0x00000000fffc0000-0x00000000ffffffff] reserved
[    0.000000] NX (Execute Disable) protection: active
[    0.000000] SMBIOS 2.5 present.
[    0.000000] DMI: innotek GmbH VirtualBox/VirtualBox, BIOS VirtualBox 12/01/2006
[    0.000000] Hypervisor detected: KVM
[    0.000000] e820: last_pfn = 0x1fff0 max_arch_pfn = 0x400000000
[    0.000000] MTRR: Disabled
[    0.000000] x86/PAT: MTRRs disabled, skipping PAT initialization too.
[    0.000000] CPU MTRRs all blank - virtualized system.
[    0.000000] x86/PAT: Configuration [0-7]: WB  WT  UC- UC  WB  WT  UC- UC  
[    0.000000] found SMP MP-table at [mem 0x0009fff0-0x0009ffff]
[    0.000000] Scanning 1 areas for low memory corruption
[    0.000000] RAMDISK: [mem 0x1db01000-0x1ee12fff]
[    0.000000] ACPI: Early table checksum verification disabled
[    0.000000] ACPI: RSDP 0x00000000000E0000 000024 (v02 VBOX  )
[    0.000000] ACPI: XSDT 0x000000001FFF0030 00003C (v01 VBOX   VBOXXSDT 00000001 ASL  00000061)
[    0.000000] ACPI: FACP 0x000000001FFF00F0 0000F4 (v04 VBOX   VBOXFACP 00000001 ASL  00000061)
[    0.000000] ACPI: DSDT 0x000000001FFF0470 002325 (v02 VBOX   VBOXBIOS 00000002 INTL 20100528)
[    0.000000] ACPI: FACS 0x000000001FFF0200 000040
[    0.000000] ACPI: FACS 0x000000001FFF0200 000040
[    0.000000] ACPI: APIC 0x000000001FFF0240 00005C (v02 VBOX   VBOXAPIC 00000001 ASL  00000061)
[    0.000000] ACPI: SSDT 0x000000001FFF02A0 0001CC (v01 VBOX   VBOXCPUT 00000002 INTL 20100528)
[    0.000000] ACPI: Reserving FACP table memory at [mem 0x1fff00f0-0x1fff01e3]
[    0.000000] ACPI: Reserving DSDT table memory at [mem 0x1fff0470-0x1fff2794]
[    0.000000] ACPI: Reserving FACS table memory at [mem 0x1fff0200-0x1fff023f]
[    0.000000] ACPI: Reserving FACS table memory at [mem 0x1fff0200-0x1fff023f]
[    0.000000] ACPI: Reserving APIC table memory at [mem 0x1fff0240-0x1fff029b]
[    0.000000] ACPI: Reserving SSDT table memory at [mem 0x1fff02a0-0x1fff046b]
[    0.000000] No NUMA configuration found
[    0.000000] Faking a node at [mem 0x0000000000000000-0x000000001ffeffff]
[    0.000000] NODE_DATA(0) allocated [mem 0x1ffc5000-0x1ffeffff]
[    0.000000] kvm-clock: cpu 0, msr 0:1ff44001, primary cpu clock
[    0.000000] kvm-clock: Using msrs 4b564d01 and 4b564d00
[    0.000000] kvm-clock: using sched offset of 4718825676 cycles
[    0.000000] clocksource: kvm-clock: mask: 0xffffffffffffffff max_cycles: 0x1cd42e4dffb, max_idle_ns: 881590591483 ns
[    0.000000] Zone ranges:
[    0.000000]   DMA      [mem 0x0000000000001000-0x0000000000ffffff]
[    0.000000]   DMA32    [mem 0x0000000001000000-0x000000001ffeffff]
[    0.000000]   Normal   empty
[    0.000000]   Device   empty
[    0.000000] Movable zone start for each node
[    0.000000] Early memory node ranges
[    0.000000]   node   0: [mem 0x0000000000001000-0x000000000009efff]
[    0.000000]   node   0: [mem 0x0000000000100000-0x000000001ffeffff]
[    0.000000] Reserved but unavailable: 104 pages
[    0.000000] Initmem setup node 0 [mem 0x0000000000001000-0x000000001ffeffff]
[    0.000000] ACPI: PM-Timer IO Port: 0x4008
[    0.000000] IOAPIC[0]: apic_id 2, version 32, address 0xfec00000, GSI 0-23
[    0.000000] ACPI: INT_SRC_OVR (bus 0 bus_irq 0 global_irq 2 dfl dfl)
[    0.000000] ACPI: INT_SRC_OVR (bus 0 bus_irq 9 global_irq 9 low level)
[    0.000000] Using ACPI (MADT) for SMP configuration information
[    0.000000] smpboot: Allowing 2 CPUs, 0 hotplug CPUs
[    0.000000] PM: Registered nosave memory: [mem 0x00000000-0x00000fff]
[    0.000000] PM: Registered nosave memory: [mem 0x0009f000-0x0009ffff]
[    0.000000] PM: Registered nosave memory: [mem 0x000a0000-0x000effff]
[    0.000000] PM: Registered nosave memory: [mem 0x000f0000-0x000fffff]
[    0.000000] e820: [mem 0x20000000-0xfebfffff] available for PCI devices
[    0.000000] Booting paravirtualized kernel on KVM
[    0.000000] clocksource: refined-jiffies: mask: 0xffffffff max_cycles: 0xffffffff, max_idle_ns: 7645519600211568 ns
[    0.000000] setup_percpu: NR_CPUS:8192 nr_cpumask_bits:2 nr_cpu_ids:2 nr_node_ids:1
[    0.000000] percpu: Embedded 50 pages/cpu s167936 r8192 d28672 u1048576
[    0.000000] PV qspinlock hash table entries: 256 (order: 0, 4096 bytes)
[    0.000000] Built 1 zonelists, mobility grouping on.  Total pages: 128889
[    0.000000] Policy zone: DMA32
[    0.000000] Kernel command line: BOOT_IMAGE=/boot/vmlinuz-4.15.0-212-generic root=LABEL=cloudimg-rootfs ro console=tty1 console=ttyS0
[    0.000000] Memory: 466548K/523832K available (12300K kernel code, 2477K rwdata, 4324K rodata, 2480K init, 2720K bss, 57284K reserved, 0K cma-reserved)
[    0.000000] SLUB: HWalign=64, Order=0-3, MinObjects=0, CPUs=2, Nodes=1
[    0.000000] ftrace: allocating 39508 entries in 155 pages
[    0.004000] Hierarchical RCU implementation.
[    0.004000] 	RCU restricting CPUs from NR_CPUS=8192 to nr_cpu_ids=2.
[    0.004000] 	Tasks RCU enabled.
[    0.004000] RCU: Adjusting geometry for rcu_fanout_leaf=16, nr_cpu_ids=2
[    0.004000] NR_IRQS: 524544, nr_irqs: 440, preallocated irqs: 16
[    0.004000] Console: colour VGA+ 80x25
[    0.004000] console [tty1] enabled
[    0.004000] console [ttyS0] enabled
[    0.004000] ACPI: Core revision 20170831
[    0.004000] ACPI: 2 ACPI AML tables successfully acquired and loaded
[    0.004000] APIC: Switch to symmetric I/O mode setup
[    0.004000] ..TIMER: vector=0x30 apic1=0 pin1=2 apic2=-1 pin2=-1
[    0.004000] tsc: Detected 2611.198 MHz processor
[    0.004022] Calibrating delay loop (skipped) preset value.. 5222.39 BogoMIPS (lpj=10444792)
[    0.008012] pid_max: default: 32768 minimum: 301
[    0.012113] Security Framework initialized
[    0.016009] Yama: becoming mindful.
[    0.020049] AppArmor: AppArmor initialized
[    0.024000] Dentry cache hash table entries: 65536 (order: 7, 524288 bytes)
[    0.024054] Inode-cache hash table entries: 32768 (order: 6, 262144 bytes)
[    0.028038] Mount-cache hash table entries: 1024 (order: 1, 8192 bytes)
[    0.032024] Mountpoint-cache hash table entries: 1024 (order: 1, 8192 bytes)
[    0.038103] Last level iTLB entries: 4KB 0, 2MB 0, 4MB 0
[    0.040006] Last level dTLB entries: 4KB 0, 2MB 0, 4MB 0, 1GB 0
[    0.044010] Spectre V1 : Mitigation: usercopy/swapgs barriers and __user pointer sanitization
[    0.048007] Spectre V2 : Mitigation: Enhanced IBRS
[    0.052008] Spectre V2 : Spectre v2 / SpectreRSB mitigation: Filling RSB on context switch
[    0.056008] Spectre V2 : Spectre v2 / PBRSB-eIBRS: Retire a single CALL on VMEXIT
[    0.060010] RETBleed: Mitigation: Enhanced IBRS
[    0.064039] Speculative Store Bypass: Vulnerable
[    0.068348] Freeing SMP alternatives memory: 36K
[    0.196873] smpboot: CPU0: 12th Gen Intel(R) Core(TM) i7-1255U (family: 0x6, model: 0x9a, stepping: 0x4)
[    0.200175] Performance Events: unsupported p6 CPU model 154 no PMU driver, software events only.
[    0.204094] Hierarchical SRCU implementation.
[    0.208397] NMI watchdog: Perf event create on CPU 0 failed with -2
[    0.212008] NMI watchdog: Perf NMI watchdog permanently disabled
[    0.220130] smp: Bringing up secondary CPUs ...
[    0.224312] x86: Booting SMP configuration:
[    0.228009] .... node  #0, CPUs:      #1
[    0.004000] kvm-clock: cpu 1, msr 0:1ff44041, secondary cpu clock
[    0.242090] TSC synchronization [CPU#0 -> CPU#1]:
[    0.244000] Measured 83400 cycles TSC warp between CPUs, turning off TSC clock.
[    0.244000] tsc: Marking TSC unstable due to check_tsc_sync_source failed
[    0.252529] smp: Brought up 1 node, 2 CPUs
[    0.256012] smpboot: Max logical packages: 1
[    0.260016] smpboot: Total of 2 processors activated (10444.79 BogoMIPS)
[    0.264422] devtmpfs: initialized
[    0.268089] x86/mm: Memory block size: 128MB
[    0.272147] evm: security.selinux
[    0.276011] evm: security.SMACK64
[    0.280005] evm: security.SMACK64EXEC
[    0.284006] evm: security.SMACK64TRANSMUTE
[    0.288006] evm: security.SMACK64MMAP
[    0.292007] evm: security.apparmor
[    0.296005] evm: security.ima
[    0.300005] evm: security.capability
[    0.304506] clocksource: jiffies: mask: 0xffffffff max_cycles: 0xffffffff, max_idle_ns: 7645041785100000 ns
[    0.308027] futex hash table entries: 512 (order: 3, 32768 bytes)
[    0.312099] pinctrl core: initialized pinctrl subsystem
[    0.316559] RTC time: 19:47:55, date: 11/05/23
[    0.324151] NET: Registered protocol family 16
[    0.328137] audit: initializing netlink subsys (disabled)
[    0.332408] audit: type=2000 audit(1699213680.161:1): state=initialized audit_enabled=0 res=1
[    0.352187] cpuidle: using governor ladder
[    0.356023] cpuidle: using governor menu
[    0.360085] ACPI: bus type PCI registered
[    0.364011] acpiphp: ACPI Hot Plug PCI Controller Driver version: 0.5
[    0.368492] PCI: Using configuration type 1 for base access
[    0.380372] HugeTLB registered 2.00 MiB page size, pre-allocated 0 pages
[    0.388827] ACPI: Added _OSI(Module Device)
[    0.396218] ACPI: Added _OSI(Processor Device)
[    0.400007] ACPI: Added _OSI(3.0 _SCP Extensions)
[    0.404008] ACPI: Added _OSI(Processor Aggregator Device)
[    0.408033] ACPI: Added _OSI(Linux-Dell-Video)
[    0.412189] ACPI: Added _OSI(Linux-Lenovo-NV-HDMI-Audio)
[    0.416013] ACPI: Added _OSI(Linux-HPI-Hybrid-Graphics)
[    0.421379] ACPI: Executed 1 blocks of module-level executable AML code
[    0.438725] ACPI: Interpreter enabled
[    0.440035] ACPI: (supports S0 S5)
[    0.444010] ACPI: Using IOAPIC for interrupt routing
[    0.448773] PCI: Using host bridge windows from ACPI; if necessary, use "pci=nocrs" and report a bug
[    0.452452] ACPI: Enabled 2 GPEs in block 00 to 07
[    0.472778] ACPI: PCI Root Bridge [PCI0] (domain 0000 [bus 00-ff])
[    0.476027] acpi PNP0A03:00: _OSC: OS supports [ASPM ClockPM Segments MSI]
[    0.484164] acpi PNP0A03:00: _OSC: not requesting OS control; OS requires [ExtendedConfig ASPM ClockPM MSI]
[    0.488034] acpi PNP0A03:00: fail to add MMCONFIG information, can't access extended PCI configuration space under this bridge.
[    0.493216] PCI host bridge to bus 0000:00
[    0.496013] pci_bus 0000:00: root bus resource [io  0x0000-0x0cf7 window]
[    0.500011] pci_bus 0000:00: root bus resource [io  0x0d00-0xffff window]
[    0.504009] pci_bus 0000:00: root bus resource [mem 0x000a0000-0x000bffff window]
[    0.508010] pci_bus 0000:00: root bus resource [mem 0x20000000-0xfdffffff window]
[    0.512012] pci_bus 0000:00: root bus resource [bus 00-ff]
[    0.528958] pci 0000:00:01.1: legacy IDE quirk: reg 0x10: [io  0x01f0-0x01f7]
[    0.532009] pci 0000:00:01.1: legacy IDE quirk: reg 0x14: [io  0x03f6]
[    0.536014] pci 0000:00:01.1: legacy IDE quirk: reg 0x18: [io  0x0170-0x0177]
[    0.540006] pci 0000:00:01.1: legacy IDE quirk: reg 0x1c: [io  0x0376]
[    0.574715] pci 0000:00:07.0: quirk: [io  0x4000-0x403f] claimed by PIIX4 ACPI
[    0.576049] pci 0000:00:07.0: quirk: [io  0x4100-0x410f] claimed by PIIX4 SMB
[    0.598918] ACPI: PCI Interrupt Link [LNKA] (IRQs 5 9 10 *11)
[    0.600807] ACPI: PCI Interrupt Link [LNKB] (IRQs 5 9 *10 11)
[    0.604338] ACPI: PCI Interrupt Link [LNKC] (IRQs 5 *9 10 11)
[    0.608395] ACPI: PCI Interrupt Link [LNKD] (IRQs 5 9 10 *11)
[    0.613248] SCSI subsystem initialized
[    0.620348] pci 0000:00:02.0: vgaarb: setting as boot VGA device
[    0.624000] pci 0000:00:02.0: vgaarb: VGA device added: decodes=io+mem,owns=io+mem,locks=none
[    0.624015] pci 0000:00:02.0: vgaarb: bridge control possible
[    0.628009] vgaarb: loaded
[    0.632082] ACPI: bus type USB registered
[    0.636114] usbcore: registered new interface driver usbfs
[    0.640040] usbcore: registered new interface driver hub
[    0.644184] usbcore: registered new device driver usb
[    0.656000] EDAC MC: Ver: 3.0.0
[    0.664631] PCI: Using ACPI for IRQ routing
[    0.676594] NetLabel: Initializing
[    0.684007] NetLabel:  domain hash size = 128
[    0.692007] NetLabel:  protocols = UNLABELED CIPSOv4 CALIPSO
[    0.704048] NetLabel:  unlabeled traffic allowed by default
[    0.720368] clocksource: Switched to clocksource kvm-clock
[    0.797070] VFS: Disk quotas dquot_6.6.0
[    0.808300] VFS: Dquot-cache hash table entries: 512 (order 0, 4096 bytes)
[    0.818705] AppArmor: AppArmor Filesystem Enabled
[    0.825990] pnp: PnP ACPI init
[    0.833908] pnp: PnP ACPI: found 3 devices
[    0.850509] clocksource: acpi_pm: mask: 0xffffff max_cycles: 0xffffff, max_idle_ns: 2085701024 ns
[    0.862558] NET: Registered protocol family 2
[    0.869255] IP idents hash table entries: 8192 (order: 4, 65536 bytes)
[    0.879667] TCP established hash table entries: 4096 (order: 3, 32768 bytes)
[    0.889662] TCP bind hash table entries: 4096 (order: 4, 65536 bytes)
[    0.898744] TCP: Hash tables configured (established 4096 bind 4096)
[    0.909074] UDP hash table entries: 256 (order: 1, 8192 bytes)
[    0.916831] UDP-Lite hash table entries: 256 (order: 1, 8192 bytes)
[    0.925008] NET: Registered protocol family 1
[    0.931593] pci 0000:00:00.0: Limiting direct PCI/PCI transfers
[    0.940176] pci 0000:00:01.0: Activating ISA DMA hang workarounds
[    0.949314] pci 0000:00:02.0: Video device with shadowed ROM at [mem 0x000c0000-0x000dffff]
[    0.961261] Unpacking initramfs...
[    1.017010] Freeing initrd memory: 19528K
[    1.917759] clocksource: tsc: mask: 0xffffffffffffffff max_cycles: 0x25a38e665e8, max_idle_ns: 440795247960 ns
[    1.933428] platform rtc_cmos: registered platform RTC device (no PNP device found)
[    1.945058] Scanning for low memory corruption every 60 seconds
[    1.957322] Initialise system trusted keyrings
[    1.963918] Key type blacklist registered
[    1.971408] workingset: timestamp_bits=36 max_order=17 bucket_order=0
[    1.984834] zbud: loaded
[    1.991298] squashfs: version 4.0 (2009/01/31) Phillip Lougher
[    2.001452] fuse init (API version 7.26)
[    2.038815] Key type asymmetric registered
[    2.045057] Asymmetric key parser 'x509' registered
[    2.052369] Block layer SCSI generic (bsg) driver version 0.4 loaded (major 246)
[    2.063087] io scheduler noop registered
[    2.068958] io scheduler deadline registered
[    2.075663] io scheduler cfq registered (default)
[    2.083317] ACPI: AC Adapter [AC] (off-line)
[    2.090366] input: Power Button as /devices/LNXSYSTM:00/LNXPWRBN:00/input/input0
[    2.102337] ACPI: Power Button [PWRF]
[    2.107894] input: Sleep Button as /devices/LNXSYSTM:00/LNXSLPBN:00/input/input1
[    2.116638] ACPI: Sleep Button [SLPF]
[    2.122210] Serial: 8250/16550 driver, 32 ports, IRQ sharing enabled
[    2.123709] ACPI: Battery Slot [BAT0] (battery present)
[    2.173133] 00:02: ttyS0 at I/O 0x3f8 (irq = 4, base_baud = 115200) is a 16550A
[    2.191783] Linux agpgart interface v0.103
[    2.205392] loop: module loaded
[    2.214654] scsi host0: ata_piix
[    2.221524] scsi host1: ata_piix
[    2.227685] ata1: PATA max UDMA/33 cmd 0x1f0 ctl 0x3f6 bmdma 0xd000 irq 14
[    2.238977] ata2: PATA max UDMA/33 cmd 0x170 ctl 0x376 bmdma 0xd008 irq 15
[    2.250182] tun: Universal TUN/TAP device driver, 1.6
[    2.258713] PPP generic driver version 2.4.2
[    2.267247] ehci_hcd: USB 2.0 'Enhanced' Host Controller (EHCI) Driver
[    2.276985] ehci-pci: EHCI PCI platform driver
[    2.283876] ehci-platform: EHCI generic platform driver
[    2.291757] ohci_hcd: USB 1.1 'Open' Host Controller (OHCI) Driver
[    2.301114] ohci-pci: OHCI PCI platform driver
[    2.309878] ohci-platform: OHCI generic platform driver
[    2.320348] uhci_hcd: USB Universal Host Controller Interface driver
[    2.331489] i8042: PNP: PS/2 Controller [PNP0303:PS2K,PNP0f03:PS2M] at 0x60,0x64 irq 1,12
[    2.350403] serio: i8042 KBD port at 0x60,0x64 irq 1
[    2.361855] serio: i8042 AUX port at 0x60,0x64 irq 12
[    2.369870] mousedev: PS/2 mouse device common for all mice
[    2.381616] input: AT Translated Set 2 keyboard as /devices/platform/i8042/serio0/input/input2
[    2.398110] rtc_cmos rtc_cmos: rtc core: registered rtc_cmos as rtc0
[    2.450117] rtc_cmos rtc_cmos: alarms up to one day, 114 bytes nvram
[    2.460637] i2c /dev entries driver
[    2.466932] device-mapper: uevent: version 1.0.3
[    2.472859] device-mapper: ioctl: 4.37.0-ioctl (2017-09-20) initialised: dm-devel@redhat.com
[    2.494931] ledtrig-cpu: registered to indicate activity on CPUs
[    2.508003] NET: Registered protocol family 10
[    2.530377] Segment Routing with IPv6
[    2.536514] NET: Registered protocol family 17
[    2.544634] Key type dns_resolver registered
[    2.552800] mce: Using 0 MCE banks
[    2.558359] RAS: Correctable Errors collector initialized.
[    2.566348] sched_clock: Marking stable (2566258456, 0)->(3904164935, -1337906479)
[    2.582860] registered taskstats version 1
[    2.589576] Loading compiled-in X.509 certificates
[    2.608944] Loaded X.509 cert 'Build time autogenerated kernel key: b5b26778eaa3ab3a4a6cee031137706e947d12ad'
[    2.624030] Loaded X.509 cert 'Canonical Ltd. Live Patch Signing: 14df34d1a87cf37625abec039ef2bf521249b969'
[    2.637892] Loaded X.509 cert 'Canonical Ltd. Kernel Module Signing: 88f752e560a1e0737e31163a466ad7b70a850c19'
[    2.651001] blacklist: Loading compiled-in revocation X.509 certificates
[    2.661221] Loaded X.509 cert 'Canonical Ltd. Secure Boot Signing: 61482aa2830d0ab2ad5af10b7250da9033ddcef0'
[    2.674580] Loaded X.509 cert 'Canonical Ltd. Secure Boot Signing (2017): 242ade75ac4a15e50d50c84b0d45ff3eae707a03'
[    2.691326] Loaded X.509 cert 'Canonical Ltd. Secure Boot Signing (ESM 2018): 365188c1d374d6b07c3c8f240f8ef722433d6a8b'
[    2.707062] Loaded X.509 cert 'Canonical Ltd. Secure Boot Signing (2019): c0746fd6c5da3ae827864651ad66ae47fe24b3e8'
[    2.721340] Loaded X.509 cert 'Canonical Ltd. Secure Boot Signing (2021 v1): a8d54bbb3825cfb94fa13c9f8a594a195c107b8d'
[    2.735567] Loaded X.509 cert 'Canonical Ltd. Secure Boot Signing (2021 v2): 4cf046892d6fd3c9a5b03f98d845f90851dc6a8c'
[    2.755438] Loaded X.509 cert 'Canonical Ltd. Secure Boot Signing (2021 v3): 100437bb6de6e469b581e61cd66bce3ef4ed53af'
[    2.768233] Loaded X.509 cert 'Canonical Ltd. Secure Boot Signing (Ubuntu Core 2019): c1d57b8f6b743f23ee41f4f7ee292f06eecadfb9'
[    2.784570] zswap: loaded using pool lzo/zbud
[    2.805457] Key type big_key registered
[    2.811132] Key type trusted registered
[    2.823593] Key type encrypted registered
[    2.830571] AppArmor: AppArmor sha1 policy hashing enabled
[    2.837813] ima: No TPM chip found, activating TPM-bypass! (rc=-19)
[    2.848940] ima: Allocated hash algorithm: sha1
[    2.857709] evm: HMAC attrs: 0x1
[    2.865681]   Magic number: 15:657:798
[    2.874017] rtc_cmos rtc_cmos: setting system clock to 2023-11-05 19:47:57 UTC (1699213677)
[    2.887781] BIOS EDD facility v0.16 2004-Jun-25, 0 devices found
[    2.898887] EDD information not available.
[    2.910824] Freeing unused kernel image memory: 2480K
[    2.945298] Write protecting the kernel read-only data: 20480k
[    2.957297] Freeing unused kernel image memory: 2008K
[    2.966213] Freeing unused kernel image memory: 1820K
[    2.982325] x86/mm: Checked W+X mappings: passed, no W+X pages found.
Loading, please wait...
starting version 237
[    3.141850] e1000: Intel(R) PRO/1000 Network Driver - version 7.3.21-k8-NAPI
[    3.152724] e1000: Copyright (c) 1999-2006 Intel Corporation.
[    3.193943] Fusion MPT base driver 3.04.20
[    3.201148] Copyright (c) 1999-2008 LSI Corporation
[    3.250899] Fusion MPT SPI Host driver 3.04.20
[    3.451618] input: ImExPS/2 Generic Explorer Mouse as /devices/platform/i8042/serio1/input/input4
[    4.177197] e1000 0000:00:03.0 eth0: (PCI:33MHz:32-bit) 02:3b:7b:b7:3b:2d
[    4.187185] e1000 0000:00:03.0 eth0: Intel(R) PRO/1000 Network Connection
[    5.107686] e1000 0000:00:08.0 eth1: (PCI:33MHz:32-bit) 08:00:27:82:75:dd
[    5.117955] e1000 0000:00:08.0 eth1: Intel(R) PRO/1000 Network Connection
[    5.131640] e1000 0000:00:03.0 enp0s3: renamed from eth0
[    5.139588] mptbase: ioc0: Initiating bringup
[    6.022056] e1000 0000:00:08.0 enp0s8: renamed from eth1
[    6.121004] ioc0: LSI53C1030 A0: Capabilities={Initiator}
[    7.078909] scsi host2: ioc0: LSI53C1030 A0, FwRev=00000000h, Ports=1, MaxQ=256, IRQ=20
[    7.311779] scsi 2:0:0:0: Direct-Access     VBOX     HARDDISK         1.0  PQ: 0 ANSI: 5
[    8.010493] scsi target2:0:0: Beginning Domain Validation
[    8.031093] scsi target2:0:0: Domain Validation skipping write tests
[    8.039310] scsi target2:0:0: Ending Domain Validation
[    8.046862] scsi target2:0:0: asynchronous
[    8.055182] scsi 2:0:1:0: Direct-Access     VBOX     HARDDISK         1.0  PQ: 0 ANSI: 5
[    8.229176] scsi target2:0:1: Beginning Domain Validation
[    8.242158] scsi target2:0:1: Domain Validation skipping write tests
[    8.249648] scsi target2:0:1: Ending Domain Validation
[    8.256741] scsi target2:0:1: asynchronous
[    8.278558] sd 2:0:0:0: [sda] 83886080 512-byte logical blocks: (42.9 GB/40.0 GiB)
[    8.289206] sd 2:0:0:0: Attached scsi generic sg0 type 0
[    8.290139] sd 2:0:0:0: [sda] Write Protect is off
[    8.302068] sd 2:0:1:0: [sdb] 20480 512-byte logical blocks: (10.5 MB/10.0 MiB)
[    8.313711] sd 2:0:1:0: Attached scsi generic sg1 type 0
[    8.314001] sd 2:0:1:0: [sdb] Write Protect is off
[    8.329363] sd 2:0:0:0: [sda] Incomplete mode parameter data
[    8.329984] sd 2:0:1:0: [sdb] Incomplete mode parameter data
[    8.341547] sd 2:0:0:0: [sda] Assuming drive cache: write through
[    8.362138] sd 2:0:1:0: [sdb] Assuming drive cache: write through
[    8.384180]  sda: sda1
[    8.390143] sd 2:0:1:0: [sdb] Attached SCSI disk
[    8.402550] sd 2:0:0:0: [sda] Attached SCSI disk
Begin: Loading essential drivers ... [   11.724579] raid6: sse2x1   gen()  6367 MB/s
[   11.779679] raid6: sse2x1   xor()  4047 MB/s
[   11.832638] raid6: sse2x2   gen()  7826 MB/s
[   11.884578] raid6: sse2x2   xor()  4759 MB/s
[   11.937427] raid6: sse2x4   gen()  6919 MB/s
[   11.988399] raid6: sse2x4   xor()  4984 MB/s
[   11.994943] raid6: using algorithm sse2x2 gen() 7826 MB/s
[   12.002624] raid6: .... xor() 4759 MB/s, rmw enabled
[   12.009395] raid6: using ssse3x2 recovery algorithm
[   12.030989] xor: measuring software checksum speed
[   14.020150]    prefetch64-sse: -1775914.-296 MB/sec
[   17.065262]    generic_sse: -1918256.-296 MB/sec
[   17.071980] xor: using function: prefetch64-sse (-1775914.-296 MB/sec)
[   17.087803] async_tx: api initialized (async)
done.
Begin: Running /scripts/init-premount ... done.
Begin: Mounting root file system ... Begin: Running /scripts/local-top ... done.
Begin: Running /scripts/local-premount ... [   17.232495] Btrfs loaded, crc32c=crc32c-intel
Scanning for Btrfs filesystems
done.
Warning: fsck not present, so skipping root file system
[   17.325368] EXT4-fs (sda1): mounted filesystem with ordered data mode. Opts: (null)
done.
Begin: Running /scripts/local-bottom ... done.
Begin: Running /scripts/init-bottom ... done.
[   17.666833] ip_tables: (C) 2000-2006 Netfilter Core Team
[   17.700170] systemd[1]: systemd 237 running in system mode. (+PAM +AUDIT +SELINUX +IMA +APPARMOR +SMACK +SYSVINIT +UTMP +LIBCRYPTSETUP +GCRYPT +GNUTLS +ACL +XZ +LZ4 +SECCOMP +BLKID +ELFUTILS +KMOD -IDN2 +IDN -PCRE2 default-hierarchy=hybrid)
[   17.727307] systemd[1]: Detected virtualization oracle.
[   17.734607] systemd[1]: Detected architecture x86-64.

Welcome to [1mUbuntu 18.04.6 LTS[0m!

[   17.802696] systemd[1]: Set hostname to <ubuntu>.
[   17.817982] random: systemd: uninitialized urandom read (16 bytes read)
[   17.828808] systemd[1]: Initializing machine ID from random generator.
[   17.837477] systemd[1]: Installed transient /etc/machine-id file.
[   18.258243] random: systemd: uninitialized urandom read (16 bytes read)
[   18.293020] systemd[1]: Created slice User and Session Slice.
[[0;32m  OK  [0m] Created slice User and Session Slice.
[   18.305882] random: systemd: uninitialized urandom read (16 bytes read)
[   18.315349] systemd[1]: Created slice System Slice.
[[0;32m  OK  [0m] Created slice System Slice.
[   18.325236] systemd[1]: Reached target Mounting snaps.
[[0;32m  OK  [0m] Reached target Mounting snaps.
[   18.335014] systemd[1]: Listening on Network Service Netlink Socket.
[[0;32m  OK  [0m] Listening on Network Service Netlink Socket.
[[0;32m  OK  [0m] Listening on udev Kernel Socket.
[[0;32m  OK  [0m] Listening on Journal Audit Socket.
[[0;32m  OK  [0m] Listening on Journal Socket.
         Starting Load Kernel Modules...
         Starting Set the console keyboard layout...
[[0;32m  OK  [0m] Listening on udev Control Socket.
[[0;32m  OK  [0m] Listening on /dev/initctl Compatibility Named Pipe.
[[0;32m  OK  [0m] Reached target Slices.
[[0;32m  OK  [0m] Listening on fsck to fsckd communication Socket.
         Starting File System Check on Root Device...
[[0;32m  OK  [0m] Listening on Syslog Socket.
         Starting Create list of required st…ce nodes for the current kernel...
[[0;32m  OK  [0m] Started Forward Password Requests to Wall Directory Watch.
         Mounting Huge Pages File System...
[[0;32m  OK  [0m] Listening on LVM2 poll daemon socket.
[[0;32m  OK  [0m] Reached target Mounted snaps.
[[0;32m  OK  [0m[   18.433049] Loading iSCSI transport class v2.0-870.
] Reached target Swap.
[[0;32m  OK  [0m] Listening on LVM2 metadata daemon socket.
[[0;32m  OK  [0m] Created slice system-serial\x2dgetty.slice.
[[0;32m  OK  [0m] Listening on Device-mapper event daemon FIFOs.
         Starting Monitoring of LVM2 mirrors…ng dmeventd or progress polling...
         Mounting POSIX Message Queue File System...
[[0;32m  OK  [0m] Set up automount Arbitrary Executab…rmats File System Automount Point.
[[0;32m  OK  [0m] Listening on Journal Socket (/dev/log).
[[0;32m  OK  [0m] Reached target System Time Synchronized.
         Starting Journal Service...
[[0;32m  OK  [0m] Reached target User and Group Name Lookups.
         Starting udev Coldplug all Devices...
[   18.586694] iscsi: registered transport (tcp)
         Mounting Kernel Debug File System...
         Starting Uncomplicated firewall...
[[0;32m  OK  [0m] Started File System Check on Root Device.
[[0;32m  OK  [0m] Started Create list of required sta…vice nodes for the current kernel.
[[0;32m  OK  [0m] Mounted Huge Pages File System.
[[0;32m  OK  [0m] Mounted POSIX Message Queue File System.
[[0;32m  OK  [0m] Mounted Kernel Debug File System.
[[0;32m  OK  [0m] Started Uncomplicated firewall.
[[0;32m  OK  [0m] Started File System Check Daemon to report status.
[[0;32m  OK  [0m] Started LVM2 metadata daemon.
         Starting Create Static Device Nodes in /dev...
         Starting Remount Root and Kernel File Systems...
[[0;32m  OK  [0m] Started Journal Service.
[[0;32m  OK  [0m] Started Create Static Device Nodes in /dev.[   18.851927] EXT4-fs (sda1): re-mounted. Opts: (null)

[[0;32m  OK  [0m] Started Remount Root and Kernel File Systems.
[   18.875791] random: systemd: uninitialized urandom read (16 bytes read)
         Starting Flush Journal to Persistent Storage...
[   18.909417] random: systemd: uninitialized urandom read (16 bytes read)
[   18.913247] random: systemd-journal: uninitialized urandom read (16 bytes read)
         Starting Load/Save Random Seed...
         Starting udev Kernel Device Manager...
[[0;32m  OK  [0m] Started Monitoring of LVM2 mirrors,…sing dmeventd or progress polling.
[[0;32m  OK  [0m] Started udev Coldplug all Devices.
[[0;32m  OK  [0m] Started Load/Save Random Seed.
[   18.971707] iscsi: registered transport (iser)
[[0;32m  OK  [0m] Started Load Kernel Modules.
         Mounting FUSE Control File System...
         Starting Apply Kernel Variables...
         Mounting Kernel Configuration File System...
[[0;32m  OK  [0m] Mounted FUSE Control File System.
[[0;32m  OK  [0m] Mounted Kernel Configuration File System.
[   19.049891] systemd-journald[398]: Received request to flush runtime journal from PID 1
[[0;32m  OK  [0m] Started udev Kernel Device Manager.
[[0;32m  OK  [0m] Started Apply Kernel Variables.
[[0;32m  OK  [0m] Started Flush Journal to Persistent Storage.
[[0;32m  OK  [0m] Found device /dev/ttyS0.
[[0;32m  OK  [0m] Listening on Load/Save RF Kill Switch Status /dev/rfkill Watch.
[[0;32m  OK  [0m] Started Set the console keyboard layout.
         Mounting Arbitrary Executable File Formats File System...
[[0;32m  OK  [0m] Started Dispatch Password Requests to Console Directory Watch.
[[0;32m  OK  [0m] Reached target Local Encrypted Volumes.
[[0;32m  OK  [0m] Reached target Local File Systems (Pre).
[[0;32m  OK  [0m] Reached target Local File Systems.
         Starting Tell Plymouth To Write Out Runtime Data...
         Starting Commit a transient machine-id on disk...
         Starting AppArmor initialization...
         Starting Set console font and keymap...
         Starting ebtables ruleset management...
         Starting Create Volatile Files and Directories...
[[0;32m  OK  [0m] Mounted Arbitrary Executable File Formats File System.
[[0;32m  OK  [0m] Started Tell Plymouth To Write Out Runtime Data.
[[0;32m  OK  [0m] Started Create Volatile Files and Directories.
         Starting Update UTMP about System Boot/Shutdown...
[[0;32m  OK  [0m] Started Commit a transient machine-id on disk.
[[0;32m  OK  [0m] Started Update UTMP about System Boot/Shutdown.
[[0;32m  OK  [0m] Started ebtables ruleset management.
[[0;32m  OK  [0m] Started AppArmor initialization.
         Starting Initial cloud-init job (pre-networking)...
         Starting Load AppArmor profiles managed internally by snapd...
[[0;32m  OK  [0m] Started Load AppArmor profiles managed internally by snapd.
[[0;32m  OK  [0m] Started Set console font and keymap.
[   24.397412] cloud-init[733]: Cloud-init v. 23.1.2-0ubuntu0~18.04.1 running 'init-local' at Sun, 05 Nov 2023 19:48:18 +0000. Up 23.73 seconds.
[[0;32m  OK  [0m] Started Initial cloud-init job (pre-networking).
[[0;32m  OK  [0m] Reached target Network (Pre).
         Starting Network Service...
[[0;32m  OK  [0m] Started Network Service.
         Starting Network Name Resolution...
         Starting Wait for Network to be Configured...
[[0;32m  OK  [0m] Started Network Name Resolution.
[[0;32m  OK  [0m] Reached target Network.
[[0;32m  OK  [0m] Reached target Host and Network Name Lookups.
[[0;32m  OK  [0m] Started Wait for Network to be Configured.
         Starting Initial cloud-init job (metadata service crawler)...
[   27.268474] cloud-init[895]: Cloud-init v. 23.1.2-0ubuntu0~18.04.1 running 'init' at Sun, 05 Nov 2023 19:48:21 +0000. Up 26.98 seconds.
[   27.279416] cloud-init[895]: ci-info: ++++++++++++++++++++++++++++++++++++++Net device info+++++++++++++++++++++++++++++++++++++++
[   27.290476] cloud-init[895]: ci-info: +--------+-------+----------------------------+---------------+--------+-------------------+
[   27.302655] cloud-init[895]: ci-info: | Device |   Up  |          Address           |      Mask     | Scope  |     Hw-Address    |
[   27.314463] cloud-init[895]: ci-info: +--------+-------+----------------------------+---------------+--------+-------------------+
[   27.327802] cloud-init[895]: ci-info: | enp0s3 |  True |         10.0.2.15          | 255.255.255.0 | global | 02:3b:7b:b7:3b:2d |
[   27.338403] cloud-init[895]: ci-info: | enp0s3 |  True | fe80::3b:7bff:feb7:3b2d/64 |       .       |  link  | 02:3b:7b:b7:3b:2d |
[   27.350111] cloud-init[895]: ci-info: | enp0s8 | False |             .              |       .       |   .    | 08:00:27:82:75:dd |
[   27.362549] cloud-init[895]: ci-info: |   lo   |  True |         127.0.0.1          |   255.0.0.0   |  host  |         .         |
[   27.373790] cloud-init[895]: ci-info: |   lo   |  True |          ::1/128           |       .       |  host  |         .         |
[   27.387070] cloud-init[895]: ci-info: +--------+-------+----------------------------+---------------+--------+-------------------+
[   27.398056] cloud-init[895]: ci-info: ++++++++++++++++++++++++++++Route IPv4 info+++++++++++++++++++++++++++++
[   27.407758] cloud-init[895]: ci-info: +-------+-------------+----------+-----------------+-----------+-------+
[   27.417022] cloud-init[895]: ci-info: | Route | Destination | Gateway  |     Genmask     | Interface | Flags |
[   27.426557] cloud-init[895]: ci-info: +-------+-------------+----------+-----------------+-----------+-------+
[   27.438321] cloud-init[895]: ci-info: |   0   |   0.0.0.0   | 10.0.2.2 |     0.0.0.0     |   enp0s3  |   UG  |
[   27.447081] cloud-init[895]: ci-info: |   1   |   10.0.2.0  | 0.0.0.0  |  255.255.255.0  |   enp0s3  |   U   |
[   27.454208] cloud-init[895]: ci-info: |   2   |   10.0.2.2  | 0.0.0.0  | 255.255.255.255 |   enp0s3  |   UH  |
[   27.462909] cloud-init[895]: ci-info: +-------+-------------+----------+-----------------+-----------+-------+
[   27.474849] cloud-init[895]: ci-info: +++++++++++++++++++Route IPv6 info+++++++++++++++++++
[   27.484855] cloud-init[895]: ci-info: +-------+-------------+---------+-----------+-------+
[   27.492864] cloud-init[895]: ci-info: | Route | Destination | Gateway | Interface | Flags |
[   27.500375] cloud-init[895]: ci-info: +-------+-------------+---------+-----------+-------+
[   27.507626] cloud-init[895]: ci-info: |   1   |  fe80::/64  |    ::   |   enp0s3  |   U   |
[   27.517404] cloud-init[895]: ci-info: |   3   |    local    |    ::   |   enp0s3  |   U   |
[   27.524986] cloud-init[895]: ci-info: |   4   |   ff00::/8  |    ::   |   enp0s3  |   U   |
[   27.534587] cloud-init[895]: ci-info: +-------+-------------+---------+-----------+-------+
[   28.635545] cloud-init[895]: Generating public/private rsa key pair.
[   28.640945] cloud-init[895]: Your identification has been saved in /etc/ssh/ssh_host_rsa_key.
[   28.646584] cloud-init[895]: Your public key has been saved in /etc/ssh/ssh_host_rsa_key.pub.
[   28.653546] cloud-init[895]: The key fingerprint is:
[   28.657096] cloud-init[895]: SHA256:e3iEDeAg/SKTkuA5C2aZxYNp+WM4tMF2cfC1DLP+EmI root@ubuntu-bionic
[   28.663767] cloud-init[895]: The key's randomart image is:
[   28.667550] cloud-init[895]: +---[RSA 2048]----+
[   28.670802] cloud-init[895]: |. *+++..         |
[   28.674494] cloud-init[895]: |.X *+o*..        |
[   28.683195] cloud-init[895]: |*.@..+.o.        |
[   28.691011] cloud-init[895]: |+%++o .  +       |
[   28.701130] cloud-init[895]: |+.=E.+  S o      |
[   28.711180] cloud-init[895]: | .. . o  +       |
[   28.721289] cloud-init[895]: |     . .o o      |
[   28.741049] cloud-init[895]: |      .  o       |
[   28.749253] cloud-init[895]: |                 |
[   28.757367] cloud-init[895]: +----[SHA256]-----+
[   28.765336] cloud-init[895]: Generating public/private dsa key pair.
[   28.775228] cloud-init[895]: Your identification has been saved in /etc/ssh/ssh_host_dsa_key.
[   28.787067] cloud-init[[0;32m  OK  [0m] Started Initial cloud-init job (metadata service crawler).
[[0;32m  OK  [0m] Reached target Cloud-config availability.
[[0;32m  OK  [0m] Reached target Network is Online.
         Starting Availability of block devices...
[[0;32m  OK  [0m] Reached target Remote File Systems (Pre).
[[0;32m  OK  [0m] Reached target Remote File Systems.
[[0;32m  OK  [0m] Reached target System Initialization.
[[0;32m  OK  [0m] Started Daily apt download activities.
         Starting Socket activation for snappy daemon.
[[0;32m  OK  [0m] Started Ubuntu Advantage Timer for running repeated jobs.
[[0;32m  OK  [0m] Started ACPI Events Check.
[[0;32m  OK  [0m] Reached target Paths.
[[0;32m  OK  [0m] Started Message of the Day.
[[0;32m  OK  [0m] Listening on Open-iSCSI iscsid Socket.
[[0;32m  OK  [0m] Listening on ACPID Listen Socket.
[[0;32m  OK  [0m] Started Discard unused blocks once a week.
[[0;32m  OK  [0m] Listening on UUID daemon activation socket.
[[0;32m  OK  [0m] Listening on cloud-init hotplug hook socket.
[[0;32m  OK  [0m] Listening on D-Bus System Message Bus Socket.
         Starting LXD - unix socket.
[[0;32m  OK  [0m] Started Daily Cleanup of Temporary Directories.
[[0;32m  OK  [0m] Started Daily apt upgrade and clean activities.
[[0;32m  OK  [0m] Reached target Timers.
[[0;32m  OK  [0m] Started Availability of block devices.
[[0;32m  OK  [0m] Listening on LXD - unix socket.
[895]: Your public key has been saved in /etc/ssh/ssh_host_dsa_key.pub.
[[0;32m  OK  [0m] Listening on Socket activation for snappy daemon.
[   28.872077] [[0;32m  OK  [0m] Reached target Sockets.
[[0;32m  OK  [0m] Reached target Basic System.
         Starting LSB: Record successful boot for GRUB...
cloud-init[895]:          Starting Pollinate to seed the pseudo random number generator...
[[0;32m  OK  [0m] Reached target Login Prompts (Pre).
[[0;32m  OK  [0m] Started Deferred execution scheduler.
The key fingerprint is:         Starting Virtualbox guest utils...

         Starting LSB: automatic crash report generation...
[   28.927587] cloud-init[895]: SHA256:EamgMTbkucl1VBW+FSNRvUz53rTEyuybWDU609Efi4g root@ubuntu-bionic
[   28.945994] cloud-init         Starting Dispatcher daemon for systemd-networkd...
         Starting Permit User Sessions...
         Starting System Logging Service...
[895]: The key's randomart image is:[[0;32m  OK  [0m] Started D-Bus System Message Bus.

[   28.973825] cloud-init[895]: +---[DSA 1024]----+
[   28.988886] cloud-init[895]: | ..   ..oo=++. . |
[   29.006494] cloud-init[895]: | .=...  .o . o+  |
[   29.014741] cloud-init[895]: | .o=..... . .o.o |
[   29.029360] cloud-init[895]: | ..+ ..  . o  oo+|
[   29.037022] cloud-init[895]: |  +     S . o oB+|
[   29.049533] cloud-init[895]: |          . .+=.O|
[   29.073616] [[0;32m  OK  [0m] Started FUSE filesystem for LXC.
cloud-init         Starting Accounts Service...
[895]: |         E ..* o.|
[   29.116760] cloud-init[895]: |            o.+  |
[   29.124687] cloud-init[895]: |           . o.  |
[   29.139039] cloud-init[895]: +----[SHA256]-----+         Starting LXD - container startup/shutdown...

[   29.169360] cloud-init[895]: Generating public/private ecdsa key pair.
[   29.188731] [[0;32m  OK  [0m] Started Regular background program processing daemon.
cloud-init[895]: Your identification has been saved in /etc/ssh/ssh_host_ecdsa_key.
[   29.206838] cloud-init[895]: Your public key has been saved in /etc/ssh/ssh_host_ecdsa_key.pub.
[   29.222927] cloud-init[895]: The key fingerprint is:
[   29.230758] cloud-init[895]: SHA256:pIdY1h2MYAnyjomqIVp0vSKJ//m2/1w8FhJdjBFA3xw root@ubuntu-bionic
[   29.239327] cloud-init[895]: The key's randomart image is:
[   29.251392] [[0;32m  OK  [0m] Started irqbalance daemon.
cloud-init[895]: +---[ECDSA 256]---+         Starting Login Service...

[   29.269964] cloud-init[895]: |  . ..oo ++.o=E  |
[   29.290174] cloud-init[895]: |   o ......+.+.. |
[   29.310006] cloud-init         Starting Snap Daemon...
[[0;32m  OK  [0m] Started System Logging Service.
[[0;32m  OK  [0m] Started Permit User Sessions.
[895]: |    . o o o o o  |
[   29.346071] cloud-init[895]: | . + = +   .     |
[   29.370059] cloud-init[895]: |. + + + S . .    |         Starting Terminate Plymouth Boot Screen...
         Starting Hold until boot process finishes up...

[   29.396779] cloud-init[895]: [[0;32m  OK  [0m] Started Hold until boot process finishes up.
[[0;32m  OK  [0m] Started Serial Getty on ttyS0.
         Starting Set console scheme...
[[0;32m  OK  [0m] Started Terminate Plymouth Boot Screen.
|.o o   o   o .   |
[   29.430440] cloud-init[895]: |= + . .     =    |
[   29.448978] cloud-init[895]: |++ . o.  . o .   |
[   29.465705] cloud-init[895]: |o ..oooo..o      |
[   29.487763] cloud-init[895]: +----[SHA256]-----+
[   29.507345] cloud-init[895]: Generating public/private ed25519 key pair.
[   29.520682] cloud-init[895]: Your identification has been saved in /etc/ssh/ssh_host_ed25519_key.
[   29.544849] [[0;32m  OK  [0m] Started Login Service.
cloud-init[895]: [[0;32m  OK  [0m] Started Unattended Upgrades Shutdown.
Your public key has been saved in /etc/ssh/ssh_host_ed25519_key.pub.
         Starting Authorization Manager...
[   29.583857] cloud-init[895]: The key fingerprint is:
[   29.591001] cloud-init[895]: SHA256:D0uJERC1B2AG/p4u9GsAIJN+g1cxC5WWYoWtY0BPG3U root@ubuntu-bionic
[   29.601809] cloud-init[895]: The key's randomart image is:
[   29.614391] cloud-init[895]: +--[ED25519 256]--+
[[0;32m  OK  [0m] Started LSB: automatic crash report generation.
[   29.646792] cloud-init[895]: |.o.=%@BE         |[[0;32m  OK  [0m] Started Set console scheme.
[[0;32m  OK  [0m] Created slice system-getty.slice.
[[0;32m  OK  [0m] Started Getty on tty1.
[[0;32m  OK  [0m] Reached target Login Prompts.

[   29.681693] cloud-init[895]: |=oo*+*++         |
[   29.699590] cloud-init[895]: |+.=o=.o .        |
[   29.709566] cloud-init[895]: |.o O   + .       |
[   29.717137] cloud-init[895]: | .+ + . S        |
[   29.724518] cloud-init[895]: |  o. . . +       |
[   29.731511] cloud-init[895]: | . oo   . .      |
[   29.738845] cloud-init[895]: |  ..o            |
[   29.747380] cloud-init[895]: |   oo.           |
[   29.755359] cloud-init[895]: +----[SHA256]-----+
[[0;32m  OK  [0m] Started LSB: Record successful boot for GRUB.
[[0;32m  OK  [0m] Started Authorization Manager.
[[0;32m  OK  [0m] Started Accounts Service.
[[0;32m  OK  [0m] Started Virtualbox guest utils.
[[0;32m  OK  [0m] Started LXD - container startup/shutdown.
[[0;32m  OK  [0m] Started Dispatcher daemon for systemd-networkd.
[[0;32m  OK  [0m] Started Snap Daemon.
         Starting Wait until snapd is fully seeded...
[[0;32m  OK  [0m] Started Pollinate to seed the pseudo random number generator.
         Starting OpenBSD Secure Shell server...
[[0;32m  OK  [0m] Started OpenBSD Secure Shell server.
         Starting Time & Date Service...
[[0;32m  OK  [0m] Started Time & Date Service.
[[0;32m  OK  [0m] Created slice User Slice of vagrant.
[[0;32m  OK  [0m] Started Session 1 of user vagrant.
         Starting User Manager for UID 1000...
[[0;32m  OK  [0m] Started User Manager for UID 1000.

Ubuntu 18.04.6 LTS ubuntu-bionic ttyS0

ubuntu-bionic login: [   39.203165] cloud-init[1578]: Cloud-init v. 23.1.2-0ubuntu0~18.04.1 running 'modules:config' at Sun, 05 Nov 2023 19:48:33 +0000. Up 38.43 seconds.
ci-info: no authorized SSH keys fingerprints found for user ubuntu.
<14>Nov  5 19:48:34 cloud-init: #############################################################
<14>Nov  5 19:48:34 cloud-init: -----BEGIN SSH HOST KEY FINGERPRINTS-----
<14>Nov  5 19:48:34 cloud-init: 1024 SHA256:EamgMTbkucl1VBW+FSNRvUz53rTEyuybWDU609Efi4g root@ubuntu-bionic (DSA)
<14>Nov  5 19:48:34 cloud-init: 256 SHA256:pIdY1h2MYAnyjomqIVp0vSKJ//m2/1w8FhJdjBFA3xw root@ubuntu-bionic (ECDSA)
<14>Nov  5 19:48:34 cloud-init: 256 SHA256:D0uJERC1B2AG/p4u9GsAIJN+g1cxC5WWYoWtY0BPG3U root@ubuntu-bionic (ED25519)
<14>Nov  5 19:48:34 cloud-init: 2048 SHA256:e3iEDeAg/SKTkuA5C2aZxYNp+WM4tMF2cfC1DLP+EmI root@ubuntu-bionic (RSA)
<14>Nov  5 19:48:34 cloud-init: -----END SSH HOST KEY FINGERPRINTS-----
<14>Nov  5 19:48:34 cloud-init: #############################################################
-----BEGIN SSH HOST KEY KEYS-----
ecdsa-sha2-nistp256 AAAAE2VjZHNhLXNoYTItbmlzdHAyNTYAAAAIbmlzdHAyNTYAAABBBPLZm6qvDoBin4ciSTHo7hgN/J1EOeYxWsbrd5PoOdxMYH3q8XX7uyyQhSrEXW40Jk+LYCOWiVhpSvri9eF5T1U= root@ubuntu-bionic
ssh-ed25519 AAAAC3NzaC1lZDI1NTE5AAAAILVWQrgCNgKXAEnRYxbYMFtM+n8l8Oji2O9xsAQaGj/8 root@ubuntu-bionic
ssh-rsa AAAAB3NzaC1yc2EAAAADAQABAAABAQDes7UTHcG+rjcuzb1bKlQxLM7k1YCZGK/ysMEUz72kU4hcZHUbOxY6k26/zJmP3RhTZYq1p+lUGaeY6Vo0AS1vDUmLN38NVOqy75LMsm3pq/1guxCQkcQdh3aAxSSr9SjBAK1z403Dwj/ezOa7HDrbpwgq5Nq/0+uWPd2WQE+vztMgRwJEhcjcd3UATNacGFKeZYemdnZ1/zlJvscyGym2Go3XuEcsiJMXpMdwFWcZOmE4WZ2zRJs9vt0RP8De95qnAg3kO4heVzE1/tn5DDWFb6N2uIX4vgrPdpP9Fe5EfwQYOMb6M0LtryADaVHwJEAtcUWLx62Yx4Uz5Xhw0JT3 root@ubuntu-bionic
-----END SSH HOST KEY KEYS-----
[   40.344438] cloud-init[1703]: Cloud-init v. 23.1.2-0ubuntu0~18.04.1 running 'modules:final' at Sun, 05 Nov 2023 19:48:34 +0000. Up 39.98 seconds.
[   40.355378] cloud-init[1703]: Cloud-init v. 23.1.2-0ubuntu0~18.04.1 finished at Sun, 05 Nov 2023 19:48:34 +0000. Datasource DataSourceNoCloud [seed=/dev/sdb][dsmode=net].  Up 40.28 seconds
